<?xml version='1.0' encoding='UTF-8'?>
<testsuite hostname="LAPTOP-LB5MOC7P" name="de.uni_saarland.cs.se.BasicTypeTests" tests="17" errors="0" failures="0" skipped="0" time="0.214" timestamp="2022-01-04T12:13:59">
          <properties>
      <property name="awt.toolkit" value="sun.awt.windows.WToolkit"/><property name="java.specification.version" value="11"/><property name="sun.cpu.isalist" value="amd64"/><property name="sun.jnu.encoding" value="Cp1252"/><property name="sun.arch.data.model" value="64"/><property name="bootstrap.mainClass" value="xsbt.boot.Boot"/><property name="java.vendor.url" value="https://openjdk.java.net/"/><property name="sun.boot.library.path" value="C:\Program Files\Java\jdk-11.0.13\bin"/><property name="sun.java.command" value="C:\Users\pablo\AppData\Local\Coursier\data\bin\sbt.bat test"/><property name="jdk.debug" value="release"/><property name="sun.stderr.encoding" value="cp850"/><property name="java.specification.vendor" value="Oracle Corporation"/><property name="java.version.date" value="2021-10-19"/><property name="java.home" value="C:\Program Files\Java\jdk-11.0.13"/><property name="file.separator" value="\"/><property name="java.vm.compressedOopsMode" value="Zero based"/><property name="line.separator" value="
"/><property name="sun.stdout.encoding" value="cp850"/><property name="java.specification.name" value="Java Platform API Specification"/><property name="java.vm.specification.vendor" value="Oracle Corporation"/><property name="user.script" value=""/><property name="sun.management.compiler" value="HotSpot 64-Bit Tiered Compilers"/><property name="java.runtime.version" value="11.0.13+10-LTS-370"/><property name="user.name" value="pablo"/><property name="log4j.ignoreTCL" value="true"/><property name="file.encoding" value="Cp1252"/><property name="jnidispatch.path" value="C:\Users\pablo\AppData\Local\Temp\jna-106421716\jna12530947598894208508.dll"/><property name="java.vendor.version" value="18.9"/><property name="jna.loaded" value="true"/><property name="java.io.tmpdir" value="C:\Users\pablo\AppData\Local\Temp\"/><property name="java.version" value="11.0.13"/><property name="java.vm.specification.name" value="Java Virtual Machine Specification"/><property name="java.awt.printerjob" value="sun.awt.windows.WPrinterJob"/><property name="sun.os.patch.level" value=""/><property name="java.library.path" value="C:\Program Files\Java\jdk-11.0.13\bin;C:\WINDOWS\Sun\Java\bin;C:\WINDOWS\system32;C:\WINDOWS;C:\Users\pablo\anaconda3;C:\Users\pablo\anaconda3\Library\mingw-w64\bin;C:\Users\pablo\anaconda3\Library\usr\bin;C:\Users\pablo\anaconda3\Library\bin;C:\Users\pablo\anaconda3\Scripts;C:\Users\pablo\anaconda3\bin;C:\Users\pablo\anaconda3\condabin;C:\Program Files\Common Files\Oracle\Java\javapath;C:\Python39\Scripts;C:\Python39;C:\Program Files (x86)\Common Files\Oracle\Java\javapath;C:\WINDOWS\system32;C:\WINDOWS;C:\WINDOWS\System32\Wbem;C:\WINDOWS\System32\WindowsPowerShell\v1.0;C:\Program Files\Intel\WiFi\bin;C:\Program Files\Common Files\Intel\WirelessCommon;C:\Program Files\Git\cmd;C:\Program Files\AutoFirma\AutoFirma;C:\WINDOWS\System32\OpenSSH;C:\Program Files\PuTTY;C:\Program Files\Docker\Docker\resources\bin;C:\ProgramData\DockerDesktop\version-bin;C:\Program Files\nodejs;C:\ProgramData\chocolatey\bin;C:\Program Files (x86)\SMLNJ\bin;C:\Program Files (x86)\Calibre2;C:\Program Files (x86)\Google\Chrome\Application;C:\Python39\Scripts;C:\Python39;C:\Program Files (x86)\Common Files\Oracle\Java\javapath;C:\WINDOWS\system32;C:\WINDOWS;C:\WINDOWS\System32\Wbem;C:\WINDOWS\System32\WindowsPowerShell\v1.0;C:\Program Files\Intel\WiFi\bin;C:\Program Files\Common Files\Intel\WirelessCommon;C:\Program Files\Git\cmd;C:\Program Files\AutoFirma\AutoFirma;C:\WINDOWS\System32\OpenSSH;C:\Program Files\PuTTY;C:\Program Files\Docker\Docker\resources\bin;C:\ProgramData\DockerDesktop\version-bin;C:\Program Files\nodejs;C:\ProgramData\chocolatey\bin;C:\Program Files (x86)\SMLNJ\bin;C:\Program Files (x86)\Calibre2;C:\Python39\Scripts;C:\Python39;C:\Program Files (x86)\Common Files\Oracle\Java\javapath;C:\WINDOWS\system32;C:\WINDOWS;C:\WINDOWS\System32\Wbem;C:\WINDOWS\System32\WindowsPowerShell\v1.0;C:\Program Files\Intel\WiFi\bin;C:\Program Files\Common Files\Intel\WirelessCommon;C:\Program Files\Git\cmd;C:\Program Files\AutoFirma\AutoFirma;C:\WINDOWS\System32\OpenSSH;C:\Program Files\PuTTY;C:\Program Files\Docker\Docker\resources\bin;C:\ProgramData\DockerDesktop\version-bin;C:\Program Files\nodejs;C:\ProgramData\chocolatey\bin;C:\Program Files (x86)\SMLNJ\bin;C:\Program Files (x86)\Calibre2;C:\Users\pablo\AppData\Roaming\Python\Python39\Scripts;C:\Users\pablo\AppData\Roaming\npm;C:\Users\pablo\AppData\Roaming\npm\node_modules\@angular\cli\bin;.;C:\Users\pablo\AppData\Local\Programs\Microsoft VS Code\bin;C:\Program Files\JetBrains\PyCharm 2021.2.3\bin;.;C:\Users\pablo\AppData\Roaming\Python\Python39\Scripts;C:\Users\pablo\AppData\Roaming\npm;C:\Users\pablo\AppData\Roaming\npm\node_modules\@angular\cli\bin;.;C:\Users\pablo\AppData\Local\Programs\Microsoft VS Code\bin;C:\Program Files\JetBrains\PyCharm 2021.2.3\bin;.;C:\Users\pablo\AppData\Local\Coursier\data\bin;."/><property name="java.vendor" value="Oracle Corporation"/><property name="sun.io.unicode.encoding" value="UnicodeLittle"/><property name="sun.desktop" value="windows"/><property name="java.class.path" value="C:\Users\pablo\AppData\Local\Coursier\data\bin\sbt.bat;C:\Users\pablo\AppData\Local\Coursier\cache\v1\https\repo1.maven.org\maven2\io\get-coursier\sbt\sbt-runner\0.2.0\sbt-runner-0.2.0.jar;C:\Users\pablo\AppData\Local\Coursier\cache\v1\https\repo1.maven.org\maven2\org\scala-sbt\sbt-launch\1.5.5\sbt-launch-1.5.5.jar"/><property name="java.vm.vendor" value="Oracle Corporation"/><property name="coursier.mainJar" value="C:\Users\pablo\AppData\Local\Coursier\data\bin\sbt.bat"/><property name="user.variant" value=""/><property name="jline.shutdownhook" value="false"/><property name="user.timezone" value="Europe/Paris"/><property name="coursier.main.arg-0" value="test"/><property name="os.name" value="Windows 10"/><property name="java.vm.specification.version" value="11"/><property name="sun.java.launcher" value="SUN_STANDARD"/><property name="user.country" value="ES"/><property name="sun.cpu.endian" value="little"/><property name="user.home" value="C:\Users\pablo"/><property name="user.language" value="es"/><property name="swoval.tmpdir" value="C:\Users\pablo\.sbt\1.0"/><property name="java.awt.graphicsenv" value="sun.awt.Win32GraphicsEnvironment"/><property name="jline.esc.timeout" value="0"/><property name="path.separator" value=";"/><property name="prog.dir" value="C:\\Users\\pablo\\AppData\\Local\\Coursier\\data\\bin\"/><property name="os.version" value="10.0"/><property name="jna.nosys" value="true"/><property name="java.runtime.name" value="Java(TM) SE Runtime Environment"/><property name="java.vm.name" value="Java HotSpot(TM) 64-Bit Server VM"/><property name="java.vendor.url.bug" value="https://bugreport.java.com/bugreport/"/><property name="sbt-launch.version" value="1.5.5"/><property name="user.dir" value="C:\Users\pablo\Desktop\se-ws2122-assignment-03"/><property name="os.arch" value="amd64"/><property name="java.vm.info" value="mixed mode"/><property name="java.vm.version" value="11.0.13+10-LTS-370"/><property name="java.class.version" value="55.0"/>
    </properties>
          <testcase classname="de.uni_saarland.cs.se.BasicTypeTests" name="The Theta of a VType should contain a disjunction of its range" time="0.052">
                      
                    </testcase><testcase classname="de.uni_saarland.cs.se.BasicTypeTests" name="The join of two VTypes should contain the joined VTypes" time="0.006">
                      
                    </testcase><testcase classname="de.uni_saarland.cs.se.BasicTypeTests" name="The equality formula should have the expected form" time="0.004">
                      
                    </testcase><testcase classname="de.uni_saarland.cs.se.BasicTypeTests" name="The expression 'Const(True)' should have the type 'BoolTy'" time="0.009">
                      
                    </testcase><testcase classname="de.uni_saarland.cs.se.BasicTypeTests" name="The expression 'Const(False)' should have the type 'BoolTy'" time="0.001">
                      
                    </testcase><testcase classname="de.uni_saarland.cs.se.BasicTypeTests" name="The expression 'Const(Num(42))' should have the type 'NumTy'" time="0.0">
                      
                    </testcase><testcase classname="de.uni_saarland.cs.se.BasicTypeTests" name="The variable in 'x' must be in the context" time="0.001">
                      
                    </testcase><testcase classname="de.uni_saarland.cs.se.BasicTypeTests" name="The variable in 'x' should be in the context" time="0.098">
                      
                    </testcase><testcase classname="de.uni_saarland.cs.se.BasicTypeTests" name="The expression '5 &lt; 4' should have the type 'BoolTy'" time="0.003">
                      
                    </testcase><testcase classname="de.uni_saarland.cs.se.BasicTypeTests" name="The first argument to 'Smaller' must have the type 'NumTy'" time="0.006">
                      
                    </testcase><testcase classname="de.uni_saarland.cs.se.BasicTypeTests" name="The second argument to 'Smaller' must have the type 'NumTy'" time="0.001">
                      
                    </testcase><testcase classname="de.uni_saarland.cs.se.BasicTypeTests" name="The condition in 'If' must have the type 'BoolTy'" time="0.015">
                      
                    </testcase><testcase classname="de.uni_saarland.cs.se.BasicTypeTests" name="The 'then' and 'else' expressions in 'If' must have the same type" time="0.005">
                      
                    </testcase><testcase classname="de.uni_saarland.cs.se.BasicTypeTests" name="The type of 'If' should be the join of the 'then' and 'else' types" time="0.003">
                      
                    </testcase><testcase classname="de.uni_saarland.cs.se.BasicTypeTests" name="The 'Id' in 'Let' must not be in the context already" time="0.007">
                      
                    </testcase><testcase classname="de.uni_saarland.cs.se.BasicTypeTests" name="The VType of the 'Let' expression should be adequate" time="0.002">
                      
                    </testcase><testcase classname="de.uni_saarland.cs.se.BasicTypeTests" name="The expression 'Choice(A || B, True, 5)' should have a VType with two entries" time="0.001">
                      
                    </testcase>
          <system-out><![CDATA[]]></system-out>
          <system-err><![CDATA[]]></system-err>
        </testsuite>